[INFO ] 09:49:21.186 [main] com.dika.SpringBootDemo - Starting SpringBootDemo on DESKTOP-GDIPE4G with PID 16616 (D:\workfile\workspace2\SpringBootDemo\bin started by qianqiang in D:\workfile\workspace2\SpringBootDemo)
[INFO ] 09:49:21.202 [main] com.dika.SpringBootDemo - No active profile set, falling back to default profiles: default
[INFO ] 09:49:21.296 [main] o.s.b.c.e.AnnotationConfigEmbeddedWebApplicationContext - Refreshing org.springframework.boot.context.embedded.AnnotationConfigEmbeddedWebApplicationContext@7a8c8dcf: startup date [Tue Jul 04 09:49:21 CST 2017]; root of context hierarchy
[INFO ] 09:49:21.494 [background-preinit] o.h.validator.internal.util.Version - HV000001: Hibernate Validator 5.2.4.Final
[INFO ] 09:49:24.461 [main] o.s.c.s.PostProcessorRegistrationDelegate$BeanPostProcessorChecker - Bean 'org.springframework.transaction.annotation.ProxyTransactionManagementConfiguration' of type [class org.springframework.transaction.annotation.ProxyTransactionManagementConfiguration$$EnhancerBySpringCGLIB$$e2b7695b] is not eligible for getting processed by all BeanPostProcessors (for example: not eligible for auto-proxying)
[INFO ] 09:49:25.318 [main] o.s.b.c.e.t.TomcatEmbeddedServletContainer - Tomcat initialized with port(s): 8181 (http)
[INFO ] 09:49:25.339 [main] o.a.catalina.core.StandardService - Starting service Tomcat
[INFO ] 09:49:25.342 [main] o.a.catalina.core.StandardEngine - Starting Servlet Engine: Apache Tomcat/8.5.6
[INFO ] 09:49:25.525 [localhost-startStop-1] o.a.c.c.C.[Tomcat].[localhost].[/] - Initializing Spring embedded WebApplicationContext
[INFO ] 09:49:25.525 [localhost-startStop-1] o.s.web.context.ContextLoader - Root WebApplicationContext: initialization completed in 4229 ms
[INFO ] 09:49:25.777 [localhost-startStop-1] o.s.b.w.s.ServletRegistrationBean - Mapping servlet: 'dispatcherServlet' to [/]
[INFO ] 09:49:25.784 [localhost-startStop-1] o.s.b.w.s.FilterRegistrationBean - Mapping filter: 'characterEncodingFilter' to: [/*]
[INFO ] 09:49:25.785 [localhost-startStop-1] o.s.b.w.s.FilterRegistrationBean - Mapping filter: 'hiddenHttpMethodFilter' to: [/*]
[INFO ] 09:49:25.785 [localhost-startStop-1] o.s.b.w.s.FilterRegistrationBean - Mapping filter: 'httpPutFormContentFilter' to: [/*]
[INFO ] 09:49:25.785 [localhost-startStop-1] o.s.b.w.s.FilterRegistrationBean - Mapping filter: 'requestContextFilter' to: [/*]
[INFO ] 09:49:26.693 [main] o.s.o.j.LocalContainerEntityManagerFactoryBean - Building JPA container EntityManagerFactory for persistence unit 'default'
[INFO ] 09:49:26.715 [main] o.h.jpa.internal.util.LogHelper - HHH000204: Processing PersistenceUnitInfo [
	name: default
	...]
[INFO ] 09:49:26.833 [main] org.hibernate.Version - HHH000412: Hibernate Core {5.0.11.Final}
[INFO ] 09:49:26.834 [main] org.hibernate.cfg.Environment - HHH000206: hibernate.properties not found
[INFO ] 09:49:26.835 [main] org.hibernate.cfg.Environment - HHH000021: Bytecode provider name : javassist
[INFO ] 09:49:26.882 [main] o.h.annotations.common.Version - HCANN000001: Hibernate Commons Annotations {5.0.1.Final}
[INFO ] 09:49:27.213 [main] org.hibernate.dialect.Dialect - HHH000400: Using dialect: org.hibernate.dialect.Oracle9iDialect
[INFO ] 09:49:27.492 [main] o.s.o.j.LocalContainerEntityManagerFactoryBean - Initialized JPA EntityManagerFactory for persistence unit 'default'
[INFO ] 09:49:28.265 [main] o.s.w.s.m.m.a.RequestMappingHandlerAdapter - Looking for @ControllerAdvice: org.springframework.boot.context.embedded.AnnotationConfigEmbeddedWebApplicationContext@7a8c8dcf: startup date [Tue Jul 04 09:49:21 CST 2017]; root of context hierarchy
[INFO ] 09:49:28.413 [main] o.s.w.s.m.m.a.RequestMappingHandlerMapping - Mapped "{[/testhello],methods=[GET]}" onto public java.lang.String com.dika.rest.DemoHandler.test123(java.lang.String)
[INFO ] 09:49:28.414 [main] o.s.w.s.m.m.a.RequestMappingHandlerMapping - Mapped "{[/test],methods=[GET]}" onto public java.lang.String com.dika.rest.DemoHandler.testdemo()
[INFO ] 09:49:28.417 [main] o.s.w.s.m.m.a.RequestMappingHandlerMapping - Mapped "{[/error]}" onto public org.springframework.http.ResponseEntity<java.util.Map<java.lang.String, java.lang.Object>> org.springframework.boot.autoconfigure.web.BasicErrorController.error(javax.servlet.http.HttpServletRequest)
[INFO ] 09:49:28.418 [main] o.s.w.s.m.m.a.RequestMappingHandlerMapping - Mapped "{[/error],produces=[text/html]}" onto public org.springframework.web.servlet.ModelAndView org.springframework.boot.autoconfigure.web.BasicErrorController.errorHtml(javax.servlet.http.HttpServletRequest,javax.servlet.http.HttpServletResponse)
[INFO ] 09:49:28.470 [main] o.s.w.s.h.SimpleUrlHandlerMapping - Mapped URL path [/webjars/**] onto handler of type [class org.springframework.web.servlet.resource.ResourceHttpRequestHandler]
[INFO ] 09:49:28.470 [main] o.s.w.s.h.SimpleUrlHandlerMapping - Mapped URL path [/**] onto handler of type [class org.springframework.web.servlet.resource.ResourceHttpRequestHandler]
[INFO ] 09:49:28.548 [main] o.s.w.s.h.SimpleUrlHandlerMapping - Mapped URL path [/**/favicon.ico] onto handler of type [class org.springframework.web.servlet.resource.ResourceHttpRequestHandler]
[INFO ] 09:49:29.282 [main] o.s.j.e.a.AnnotationMBeanExporter - Registering beans for JMX exposure on startup
[INFO ] 09:49:29.316 [main] o.a.coyote.http11.Http11NioProtocol - Initializing ProtocolHandler ["http-nio-8181"]
[INFO ] 09:49:29.336 [main] o.a.coyote.http11.Http11NioProtocol - Starting ProtocolHandler [http-nio-8181]
[INFO ] 09:49:29.367 [main] o.a.tomcat.util.net.NioSelectorPool - Using a shared selector for servlet write/read
[INFO ] 09:49:29.410 [main] o.s.b.c.e.t.TomcatEmbeddedServletContainer - Tomcat started on port(s): 8181 (http)
[INFO ] 09:49:29.418 [main] com.dika.SpringBootDemo - Started SpringBootDemo in 8.767 seconds (JVM running for 9.947)
[INFO ] 09:49:32.419 [http-nio-8181-exec-1] o.a.c.c.C.[Tomcat].[localhost].[/] - Initializing Spring FrameworkServlet 'dispatcherServlet'
[INFO ] 09:49:32.420 [http-nio-8181-exec-1] o.s.web.servlet.DispatcherServlet - FrameworkServlet 'dispatcherServlet': initialization started
[INFO ] 09:49:32.450 [http-nio-8181-exec-1] o.s.web.servlet.DispatcherServlet - FrameworkServlet 'dispatcherServlet': initialization completed in 30 ms
[INFO ] 09:49:32.750 [http-nio-8181-exec-1] com.dika.dao.DemoDao - select count(1) from T_PORT
[INFO ] 09:51:13.486 [RMI TCP Connection(2)-169.254.161.201] o.s.b.a.SpringApplicationAdminMXBeanRegistrar$SpringApplicationAdmin - Application shutdown requested.
[INFO ] 09:51:13.486 [RMI TCP Connection(2)-169.254.161.201] o.s.b.c.e.AnnotationConfigEmbeddedWebApplicationContext - Closing org.springframework.boot.context.embedded.AnnotationConfigEmbeddedWebApplicationContext@7a8c8dcf: startup date [Tue Jul 04 09:49:21 CST 2017]; root of context hierarchy
[INFO ] 09:51:13.488 [RMI TCP Connection(2)-169.254.161.201] o.s.j.e.a.AnnotationMBeanExporter - Unregistering JMX-exposed beans on shutdown
[INFO ] 09:51:13.490 [RMI TCP Connection(2)-169.254.161.201] o.s.o.j.LocalContainerEntityManagerFactoryBean - Closing JPA EntityManagerFactory for persistence unit 'default'
